2025-07-20 18:53:29 - src.core.config - [32mINFO[0m - load_config:79 - Configuration file not found, using defaults
2025-07-20 18:53:29 - src.core.config - [32mINFO[0m - save_config:92 - Configuration saved to config/system_config.json
2025-07-20 19:05:45 - src.core.config - [32mINFO[0m - load_config:242 - Configuration file not found, using defaults
2025-07-20 19:05:45 - src.core.config - [32mINFO[0m - save_config:265 - Configuration saved to /var/folders/5b/wqd7qg511hg97wmq08lb940r0000gn/T/tmp90tz7w9x/test_config.json
2025-07-20 19:05:45 - src.core.config - [32mINFO[0m - apply_config_changes_without_restart:412 - Applying configuration changes without restart
2025-07-20 19:05:45 - src.core.config - [32mINFO[0m - save_config:265 - Configuration saved to /var/folders/5b/wqd7qg511hg97wmq08lb940r0000gn/T/tmp90tz7w9x/test_config.json
2025-07-20 19:05:45 - src.core.config - [32mINFO[0m - update_config:350 - Configuration updated with 2 changes
2025-07-20 19:05:45 - src.core.config - [32mINFO[0m - apply_config_changes_without_restart:419 - Configuration changes applied successfully
2025-07-20 19:05:45 - src.core.config - [32mINFO[0m - enable_hot_reload:191 - Hot-reload enabled for configuration file
2025-07-20 19:05:45 - src.core.config - [32mINFO[0m - disable_hot_reload:210 - Hot-reload disabled for configuration file
2025-07-20 19:05:45 - src.core.config - [32mINFO[0m - load_config:242 - Configuration file not found, using defaults
2025-07-20 19:05:45 - src.core.config - [32mINFO[0m - save_config:265 - Configuration saved to /var/folders/5b/wqd7qg511hg97wmq08lb940r0000gn/T/tmpix2a797t/test_config.json
2025-07-20 19:05:45 - src.core.config - [32mINFO[0m - enable_hot_reload:191 - Hot-reload enabled for configuration file
2025-07-20 19:05:45 - src.core.config - [32mINFO[0m - disable_hot_reload:210 - Hot-reload disabled for configuration file
2025-07-20 19:05:45 - src.core.config - [32mINFO[0m - load_config:242 - Configuration file not found, using defaults
2025-07-20 19:05:45 - src.core.config - [32mINFO[0m - save_config:265 - Configuration saved to /var/folders/5b/wqd7qg511hg97wmq08lb940r0000gn/T/tmpitmd1q9u/test_config.json
2025-07-20 19:05:45 - src.core.config - [32mINFO[0m - enable_hot_reload:191 - Hot-reload enabled for configuration file
2025-07-20 19:05:45 - src.core.config - [32mINFO[0m - load_config:240 - Configuration loaded from /var/folders/5b/wqd7qg511hg97wmq08lb940r0000gn/T/tmpitmd1q9u/test_config.json
2025-07-20 19:05:45 - src.core.config - [32mINFO[0m - _handle_file_change:148 - Configuration changed, notifying callbacks
2025-07-20 19:05:45 - src.core.config - [32mINFO[0m - disable_hot_reload:210 - Hot-reload disabled for configuration file
2025-07-20 19:05:45 - src.core.config - [32mINFO[0m - load_config:242 - Configuration file not found, using defaults
2025-07-20 19:05:45 - src.core.config - [32mINFO[0m - save_config:265 - Configuration saved to /var/folders/5b/wqd7qg511hg97wmq08lb940r0000gn/T/tmpoplms0v0/test_config.json
2025-07-20 19:05:45 - src.core.config - [32mINFO[0m - load_config:240 - Configuration loaded from /var/folders/5b/wqd7qg511hg97wmq08lb940r0000gn/T/tmppj0hll3u/test_config.json
2025-07-20 19:05:45 - src.core.config - [32mINFO[0m - load_config:242 - Configuration file not found, using defaults
2025-07-20 19:05:45 - src.core.config - [32mINFO[0m - save_config:265 - Configuration saved to /var/folders/5b/wqd7qg511hg97wmq08lb940r0000gn/T/tmpvnpucelh/test_config.json
2025-07-20 19:05:45 - src.core.config - [32mINFO[0m - save_config:265 - Configuration saved to /var/folders/5b/wqd7qg511hg97wmq08lb940r0000gn/T/tmpvnpucelh/test_config.json
2025-07-20 19:05:45 - src.core.config - [32mINFO[0m - update_config_value:299 - Configuration updated: creation_interval = 600
2025-07-20 19:05:45 - src.core.config - [32mINFO[0m - save_config:265 - Configuration saved to /var/folders/5b/wqd7qg511hg97wmq08lb940r0000gn/T/tmpvnpucelh/test_config.json
2025-07-20 19:05:45 - src.core.config - [32mINFO[0m - update_config_value:299 - Configuration updated: creation_interval = 900
2025-07-20 19:05:45 - src.core.config - [32mINFO[0m - save_config:265 - Configuration saved to /var/folders/5b/wqd7qg511hg97wmq08lb940r0000gn/T/tmpqsd8nl4i/test_config.json
2025-07-20 19:05:45 - src.core.config - [32mINFO[0m - load_config:242 - Configuration file not found, using defaults
2025-07-20 19:05:46 - src.core.config - [32mINFO[0m - save_config:265 - Configuration saved to /var/folders/5b/wqd7qg511hg97wmq08lb940r0000gn/T/tmpbfee9e20/test_config.json
2025-07-20 19:05:46 - src.core.config - [32mINFO[0m - save_config:265 - Configuration saved to /var/folders/5b/wqd7qg511hg97wmq08lb940r0000gn/T/tmpbfee9e20/test_config.json
2025-07-20 19:05:46 - src.core.config - [32mINFO[0m - update_config_value:299 - Configuration updated: creation_interval = 300
2025-07-20 19:05:46 - src.core.config - [32mINFO[0m - save_config:265 - Configuration saved to /var/folders/5b/wqd7qg511hg97wmq08lb940r0000gn/T/tmpbfee9e20/test_config.json
2025-07-20 19:05:46 - src.core.config - [32mINFO[0m - update_config_value:299 - Configuration updated: creation_interval = 310
2025-07-20 19:05:46 - src.core.config - [32mINFO[0m - save_config:265 - Configuration saved to /var/folders/5b/wqd7qg511hg97wmq08lb940r0000gn/T/tmpbfee9e20/test_config.json
2025-07-20 19:05:46 - src.core.config - [32mINFO[0m - update_config_value:299 - Configuration updated: creation_interval = 320
2025-07-20 19:05:46 - src.core.config - [32mINFO[0m - save_config:265 - Configuration saved to /var/folders/5b/wqd7qg511hg97wmq08lb940r0000gn/T/tmpbfee9e20/test_config.json
2025-07-20 19:05:46 - src.core.config - [32mINFO[0m - update_config_value:299 - Configuration updated: creation_interval = 301
2025-07-20 19:05:46 - src.core.config - [32mINFO[0m - save_config:265 - Configuration saved to /var/folders/5b/wqd7qg511hg97wmq08lb940r0000gn/T/tmpbfee9e20/test_config.json
2025-07-20 19:05:46 - src.core.config - [32mINFO[0m - update_config_value:299 - Configuration updated: creation_interval = 311
2025-07-20 19:05:46 - src.core.config - [32mINFO[0m - save_config:265 - Configuration saved to /var/folders/5b/wqd7qg511hg97wmq08lb940r0000gn/T/tmpbfee9e20/test_config.json
2025-07-20 19:05:46 - src.core.config - [32mINFO[0m - update_config_value:299 - Configuration updated: creation_interval = 321
2025-07-20 19:05:46 - src.core.config - [32mINFO[0m - save_config:265 - Configuration saved to /var/folders/5b/wqd7qg511hg97wmq08lb940r0000gn/T/tmpbfee9e20/test_config.json
2025-07-20 19:05:46 - src.core.config - [32mINFO[0m - update_config_value:299 - Configuration updated: creation_interval = 302
2025-07-20 19:05:46 - src.core.config - [32mINFO[0m - save_config:265 - Configuration saved to /var/folders/5b/wqd7qg511hg97wmq08lb940r0000gn/T/tmpbfee9e20/test_config.json
2025-07-20 19:05:46 - src.core.config - [32mINFO[0m - update_config_value:299 - Configuration updated: creation_interval = 312
2025-07-20 19:05:46 - src.core.config - [32mINFO[0m - save_config:265 - Configuration saved to /var/folders/5b/wqd7qg511hg97wmq08lb940r0000gn/T/tmpbfee9e20/test_config.json
2025-07-20 19:05:46 - src.core.config - [32mINFO[0m - update_config_value:299 - Configuration updated: creation_interval = 322
2025-07-20 19:05:46 - src.core.config - [32mINFO[0m - save_config:265 - Configuration saved to /var/folders/5b/wqd7qg511hg97wmq08lb940r0000gn/T/tmpbfee9e20/test_config.json
2025-07-20 19:05:46 - src.core.config - [32mINFO[0m - update_config_value:299 - Configuration updated: creation_interval = 303
2025-07-20 19:05:46 - src.core.config - [32mINFO[0m - save_config:265 - Configuration saved to /var/folders/5b/wqd7qg511hg97wmq08lb940r0000gn/T/tmpbfee9e20/test_config.json
2025-07-20 19:05:46 - src.core.config - [32mINFO[0m - update_config_value:299 - Configuration updated: creation_interval = 313
2025-07-20 19:05:46 - src.core.config - [32mINFO[0m - save_config:265 - Configuration saved to /var/folders/5b/wqd7qg511hg97wmq08lb940r0000gn/T/tmpbfee9e20/test_config.json
2025-07-20 19:05:46 - src.core.config - [32mINFO[0m - update_config_value:299 - Configuration updated: creation_interval = 323
2025-07-20 19:05:46 - src.core.config - [32mINFO[0m - save_config:265 - Configuration saved to /var/folders/5b/wqd7qg511hg97wmq08lb940r0000gn/T/tmpbfee9e20/test_config.json
2025-07-20 19:05:46 - src.core.config - [32mINFO[0m - update_config_value:299 - Configuration updated: creation_interval = 304
2025-07-20 19:05:46 - src.core.config - [32mINFO[0m - save_config:265 - Configuration saved to /var/folders/5b/wqd7qg511hg97wmq08lb940r0000gn/T/tmpbfee9e20/test_config.json
2025-07-20 19:05:46 - src.core.config - [32mINFO[0m - update_config_value:299 - Configuration updated: creation_interval = 314
2025-07-20 19:05:46 - src.core.config - [32mINFO[0m - save_config:265 - Configuration saved to /var/folders/5b/wqd7qg511hg97wmq08lb940r0000gn/T/tmpbfee9e20/test_config.json
2025-07-20 19:05:46 - src.core.config - [32mINFO[0m - update_config_value:299 - Configuration updated: creation_interval = 324
2025-07-20 19:05:46 - src.core.config - [32mINFO[0m - save_config:265 - Configuration saved to /var/folders/5b/wqd7qg511hg97wmq08lb940r0000gn/T/tmpbfee9e20/test_config.json
2025-07-20 19:05:46 - src.core.config - [32mINFO[0m - update_config_value:299 - Configuration updated: creation_interval = 305
2025-07-20 19:05:46 - src.core.config - [32mINFO[0m - save_config:265 - Configuration saved to /var/folders/5b/wqd7qg511hg97wmq08lb940r0000gn/T/tmpbfee9e20/test_config.json
2025-07-20 19:05:46 - src.core.config - [32mINFO[0m - update_config_value:299 - Configuration updated: creation_interval = 315
2025-07-20 19:05:46 - src.core.config - [32mINFO[0m - save_config:265 - Configuration saved to /var/folders/5b/wqd7qg511hg97wmq08lb940r0000gn/T/tmpbfee9e20/test_config.json
2025-07-20 19:05:46 - src.core.config - [32mINFO[0m - update_config_value:299 - Configuration updated: creation_interval = 325
2025-07-20 19:05:46 - src.core.config - [32mINFO[0m - save_config:265 - Configuration saved to /var/folders/5b/wqd7qg511hg97wmq08lb940r0000gn/T/tmpbfee9e20/test_config.json
2025-07-20 19:05:46 - src.core.config - [32mINFO[0m - update_config_value:299 - Configuration updated: creation_interval = 306
2025-07-20 19:05:46 - src.core.config - [32mINFO[0m - save_config:265 - Configuration saved to /var/folders/5b/wqd7qg511hg97wmq08lb940r0000gn/T/tmpbfee9e20/test_config.json
2025-07-20 19:05:46 - src.core.config - [32mINFO[0m - update_config_value:299 - Configuration updated: creation_interval = 316
2025-07-20 19:05:46 - src.core.config - [32mINFO[0m - save_config:265 - Configuration saved to /var/folders/5b/wqd7qg511hg97wmq08lb940r0000gn/T/tmpbfee9e20/test_config.json
2025-07-20 19:05:46 - src.core.config - [32mINFO[0m - update_config_value:299 - Configuration updated: creation_interval = 326
2025-07-20 19:05:46 - src.core.config - [32mINFO[0m - save_config:265 - Configuration saved to /var/folders/5b/wqd7qg511hg97wmq08lb940r0000gn/T/tmpbfee9e20/test_config.json
2025-07-20 19:05:46 - src.core.config - [32mINFO[0m - update_config_value:299 - Configuration updated: creation_interval = 307
2025-07-20 19:05:46 - src.core.config - [32mINFO[0m - save_config:265 - Configuration saved to /var/folders/5b/wqd7qg511hg97wmq08lb940r0000gn/T/tmpbfee9e20/test_config.json
2025-07-20 19:05:46 - src.core.config - [32mINFO[0m - update_config_value:299 - Configuration updated: creation_interval = 317
2025-07-20 19:05:46 - src.core.config - [32mINFO[0m - save_config:265 - Configuration saved to /var/folders/5b/wqd7qg511hg97wmq08lb940r0000gn/T/tmpbfee9e20/test_config.json
2025-07-20 19:05:46 - src.core.config - [32mINFO[0m - update_config_value:299 - Configuration updated: creation_interval = 327
2025-07-20 19:05:46 - src.core.config - [32mINFO[0m - save_config:265 - Configuration saved to /var/folders/5b/wqd7qg511hg97wmq08lb940r0000gn/T/tmpbfee9e20/test_config.json
2025-07-20 19:05:46 - src.core.config - [32mINFO[0m - update_config_value:299 - Configuration updated: creation_interval = 308
2025-07-20 19:05:46 - src.core.config - [32mINFO[0m - save_config:265 - Configuration saved to /var/folders/5b/wqd7qg511hg97wmq08lb940r0000gn/T/tmpbfee9e20/test_config.json
2025-07-20 19:05:46 - src.core.config - [32mINFO[0m - update_config_value:299 - Configuration updated: creation_interval = 318
2025-07-20 19:05:46 - src.core.config - [32mINFO[0m - save_config:265 - Configuration saved to /var/folders/5b/wqd7qg511hg97wmq08lb940r0000gn/T/tmpbfee9e20/test_config.json
2025-07-20 19:05:46 - src.core.config - [32mINFO[0m - update_config_value:299 - Configuration updated: creation_interval = 328
2025-07-20 19:05:46 - src.core.config - [32mINFO[0m - save_config:265 - Configuration saved to /var/folders/5b/wqd7qg511hg97wmq08lb940r0000gn/T/tmpbfee9e20/test_config.json
2025-07-20 19:05:46 - src.core.config - [32mINFO[0m - update_config_value:299 - Configuration updated: creation_interval = 309
2025-07-20 19:05:46 - src.core.config - [32mINFO[0m - save_config:265 - Configuration saved to /var/folders/5b/wqd7qg511hg97wmq08lb940r0000gn/T/tmpbfee9e20/test_config.json
2025-07-20 19:05:46 - src.core.config - [32mINFO[0m - update_config_value:299 - Configuration updated: creation_interval = 319
2025-07-20 19:05:46 - src.core.config - [32mINFO[0m - save_config:265 - Configuration saved to /var/folders/5b/wqd7qg511hg97wmq08lb940r0000gn/T/tmpbfee9e20/test_config.json
2025-07-20 19:05:46 - src.core.config - [32mINFO[0m - update_config_value:299 - Configuration updated: creation_interval = 329
2025-07-20 19:05:46 - src.core.config - [32mINFO[0m - load_config:242 - Configuration file not found, using defaults
2025-07-20 19:05:46 - src.core.config - [32mINFO[0m - save_config:265 - Configuration saved to /var/folders/5b/wqd7qg511hg97wmq08lb940r0000gn/T/tmpdh2uih6h/test_config.json
2025-07-20 19:05:46 - src.core.config - [32mINFO[0m - load_config:242 - Configuration file not found, using defaults
2025-07-20 19:05:47 - src.core.config - [32mINFO[0m - save_config:265 - Configuration saved to /var/folders/5b/wqd7qg511hg97wmq08lb940r0000gn/T/tmptsw4ilfo/test_config.json
2025-07-20 19:05:47 - src.core.config - [32mINFO[0m - load_config:242 - Configuration file not found, using defaults
2025-07-20 19:05:47 - src.core.config - [32mINFO[0m - save_config:265 - Configuration saved to /var/folders/5b/wqd7qg511hg97wmq08lb940r0000gn/T/tmpya0qhl3c/test_config.json
2025-07-20 19:05:47 - src.core.config - [32mINFO[0m - save_config:265 - Configuration saved to /var/folders/5b/wqd7qg511hg97wmq08lb940r0000gn/T/tmpya0qhl3c/test_config.json
2025-07-20 19:05:47 - src.core.config - [32mINFO[0m - update_config_value:299 - Configuration updated: creation_interval = 600
2025-07-20 19:05:47 - src.core.config - [32mINFO[0m - load_config:242 - Configuration file not found, using defaults
2025-07-20 19:05:47 - src.core.config - [32mINFO[0m - save_config:265 - Configuration saved to /var/folders/5b/wqd7qg511hg97wmq08lb940r0000gn/T/tmppi29eq_y/test_config.json
2025-07-20 19:05:47 - src.core.config - [32mINFO[0m - save_config:265 - Configuration saved to /var/folders/5b/wqd7qg511hg97wmq08lb940r0000gn/T/tmppi29eq_y/test_config.json
2025-07-20 19:05:47 - src.core.config - [32mINFO[0m - update_config:350 - Configuration updated with 3 changes
2025-07-20 19:05:47 - src.core.config - [32mINFO[0m - load_config:242 - Configuration file not found, using defaults
2025-07-20 19:05:47 - src.core.config - [32mINFO[0m - save_config:265 - Configuration saved to /var/folders/5b/wqd7qg511hg97wmq08lb940r0000gn/T/tmpyqb2xhuu/test_config.json
